This is pdfTeX, Version 3.1415926-2.3-1.40.12 (TeX Live 2011) (format=pdflatex 2011.7.3)  6 JUL 2012 15:31
entering extended mode
 \write18 enabled.
 file:line:error style messages enabled.
 %&-line parsing enabled.
**AdaptiveMCProbErrAnalf.tex
(./AdaptiveMCProbErrAnalf.tex
LaTeX2e <2009/09/24>
Babel <v3.8l> and hyphenation patterns for english, dumylang, nohyphenation, ge
rman-x-2009-06-19, ngerman-x-2009-06-19, afrikaans, ancientgreek, ibycus, arabi
c, armenian, basque, bulgarian, catalan, pinyin, coptic, croatian, czech, danis
h, dutch, ukenglish, usenglishmax, esperanto, estonian, ethiopic, farsi, finnis
h, french, galician, german, ngerman, swissgerman, monogreek, greek, hungarian,
 icelandic, assamese, bengali, gujarati, hindi, kannada, malayalam, marathi, or
iya, panjabi, tamil, telugu, indonesian, interlingua, irish, italian, kurmanji,
 lao, latin, latvian, lithuanian, mongolian, mongolianlmc, bokmal, nynorsk, pol
ish, portuguese, romanian, russian, sanskrit, serbian, serbianc, slovak, sloven
ian, spanish, swedish, turkish, turkmen, ukrainian, uppersorbian, welsh, loaded
.
(./svmult.cls
Document Class: svmult 2006/11/28 v3.26 
Springer Verlag global LaTeX document class for multi authored books

Class Springer-SVMult Warning: Specified option or subpackage "graybox" 
(Springer-SVMult)              not found - passing it to article class 
(Springer-SVMult)              - on input line 164.

Class Springer-SVMult Info: extra/valid Springer sub-package 
(Springer-SVMult)           not found in option list - using "global" style.
(/usr/local/texlive/2011/texmf-dist/tex/latex/base/article.cls
Document Class: article 2007/10/19 v1.4h Standard LaTeX document class
(/usr/local/texlive/2011/texmf-dist/tex/latex/base/size10.clo
File: size10.clo 2007/10/19 v1.4h Standard LaTeX file (size option)
)
\c@part=\count79
\c@section=\count80
\c@subsection=\count81
\c@subsubsection=\count82
\c@paragraph=\count83
\c@subparagraph=\count84
\c@figure=\count85
\c@table=\count86
\abovecaptionskip=\skip41
\belowcaptionskip=\skip42
\bibindent=\dimen102
)
\betweenumberspace=\dimen103
\headlineindent=\dimen104
\minitoc=\write3
\c@minitocdepth=\count87
\c@chapter=\count88
\svitemindent=\dimen105
\verbatimindent=\dimen106
LaTeX Font Info:    Redeclaring math symbol \Gamma on input line 721.
LaTeX Font Info:    Redeclaring math symbol \Delta on input line 722.
LaTeX Font Info:    Redeclaring math symbol \Theta on input line 723.
LaTeX Font Info:    Redeclaring math symbol \Lambda on input line 724.
LaTeX Font Info:    Redeclaring math symbol \Xi on input line 725.
LaTeX Font Info:    Redeclaring math symbol \Pi on input line 726.
LaTeX Font Info:    Redeclaring math symbol \Sigma on input line 727.
LaTeX Font Info:    Redeclaring math symbol \Upsilon on input line 728.
LaTeX Font Info:    Redeclaring math symbol \Phi on input line 729.
LaTeX Font Info:    Redeclaring math symbol \Psi on input line 730.
LaTeX Font Info:    Redeclaring math symbol \Omega on input line 731.
\tocchpnum=\dimen107
\tocsecnum=\dimen108
\tocsectotal=\dimen109
\tocsubsecnum=\dimen110
\tocsubsectotal=\dimen111
\tocsubsubsecnum=\dimen112
\tocsubsubsectotal=\dimen113
\tocparanum=\dimen114
\tocparatotal=\dimen115
\tocsubparanum=\dimen116
\foot@parindent=\dimen117
\spthmsep=\dimen118
\c@theorem=\count89
\c@case=\count90
\c@conjecture=\count91
\c@corollary=\count92
\c@definition=\count93
\c@example=\count94
\c@exercise=\count95
\c@lemma=\count96
\c@note=\count97
\c@problem=\count98
\c@property=\count99
\c@proposition=\count100
\c@question=\count101
\c@solution=\count102
\c@remark=\count103
\instindent=\dimen119
\figgap=\dimen120
\figcapgap=\dimen121
\tabcapgap=\dimen122
\c@merk=\count104
\c@@inst=\count105
\c@@auth=\count106
\c@auco=\count107
\instindent=\dimen123
\authrun=\box26
\authorrunning=\toks14
\tocauthor=\toks15
\titrun=\box27
\titlerunning=\toks16
\toctitle=\toks17
\c@contribution=\count108
)
(/usr/local/texlive/2011/texmf-dist/tex/latex/psnfss/mathptmx.sty
Package: mathptmx 2005/04/12 PSNFSS-v9.2a Times w/ Math, improved (SPQR, WaS) 
LaTeX Font Info:    Redeclaring symbol font `operators' on input line 28.
LaTeX Font Info:    Overwriting symbol font `operators' in version `normal'
(Font)                  OT1/cmr/m/n --> OT1/ztmcm/m/n on input line 28.
LaTeX Font Info:    Overwriting symbol font `operators' in version `bold'
(Font)                  OT1/cmr/bx/n --> OT1/ztmcm/m/n on input line 28.
LaTeX Font Info:    Redeclaring symbol font `letters' on input line 29.
LaTeX Font Info:    Overwriting symbol font `letters' in version `normal'
(Font)                  OML/cmm/m/it --> OML/ztmcm/m/it on input line 29.
LaTeX Font Info:    Overwriting symbol font `letters' in version `bold'
(Font)                  OML/cmm/b/it --> OML/ztmcm/m/it on input line 29.
LaTeX Font Info:    Redeclaring symbol font `symbols' on input line 30.
LaTeX Font Info:    Overwriting symbol font `symbols' in version `normal'
(Font)                  OMS/cmsy/m/n --> OMS/ztmcm/m/n on input line 30.
LaTeX Font Info:    Overwriting symbol font `symbols' in version `bold'
(Font)                  OMS/cmsy/b/n --> OMS/ztmcm/m/n on input line 30.
LaTeX Font Info:    Redeclaring symbol font `largesymbols' on input line 31.
LaTeX Font Info:    Overwriting symbol font `largesymbols' in version `normal'
(Font)                  OMX/cmex/m/n --> OMX/ztmcm/m/n on input line 31.
LaTeX Font Info:    Overwriting symbol font `largesymbols' in version `bold'
(Font)                  OMX/cmex/m/n --> OMX/ztmcm/m/n on input line 31.
\symbold=\mathgroup4
\symitalic=\mathgroup5
LaTeX Font Info:    Redeclaring math alphabet \mathbf on input line 34.
LaTeX Font Info:    Overwriting math alphabet `\mathbf' in version `normal'
(Font)                  OT1/cmr/bx/n --> OT1/ptm/bx/n on input line 34.
LaTeX Font Info:    Overwriting math alphabet `\mathbf' in version `bold'
(Font)                  OT1/cmr/bx/n --> OT1/ptm/bx/n on input line 34.
LaTeX Font Info:    Redeclaring math alphabet \mathit on input line 35.
LaTeX Font Info:    Overwriting math alphabet `\mathit' in version `normal'
(Font)                  OT1/cmr/m/it --> OT1/ptm/m/it on input line 35.
LaTeX Font Info:    Overwriting math alphabet `\mathit' in version `bold'
(Font)                  OT1/cmr/bx/it --> OT1/ptm/m/it on input line 35.
LaTeX Info: Redefining \hbar on input line 50.
)
(/usr/local/texlive/2011/texmf-dist/tex/latex/psnfss/helvet.sty
Package: helvet 2005/04/12 PSNFSS-v9.2a (WaS) 

(/usr/local/texlive/2011/texmf-dist/tex/latex/graphics/keyval.sty
Package: keyval 1999/03/16 v1.13 key=value parser (DPC)
\KV@toks@=\toks18
))
(/usr/local/texlive/2011/texmf-dist/tex/latex/psnfss/courier.sty
Package: courier 2005/04/12 PSNFSS-v9.2a (WaS) 
)
(/usr/local/texlive/2011/texmf-dist/tex/latex/type1cm/type1cm.sty
Package: type1cm 2002/09/05 v0.04 BlueSky/Y&Y Type1 CM font definitions (DPC, p
atched RF)
)
(/usr/local/texlive/2011/texmf-dist/tex/latex/base/makeidx.sty
Package: makeidx 2000/03/29 v1.0m Standard LaTeX package
)
(/usr/local/texlive/2011/texmf-dist/tex/latex/graphics/graphicx.sty
Package: graphicx 1999/02/16 v1.0f Enhanced LaTeX Graphics (DPC,SPQR)

(/usr/local/texlive/2011/texmf-dist/tex/latex/graphics/graphics.sty
Package: graphics 2009/02/05 v1.0o Standard LaTeX Graphics (DPC,SPQR)

(/usr/local/texlive/2011/texmf-dist/tex/latex/graphics/trig.sty
Package: trig 1999/03/16 v1.09 sin cos tan (DPC)
)
(/usr/local/texlive/2011/texmf-dist/tex/latex/latexconfig/graphics.cfg
File: graphics.cfg 2010/04/23 v1.9 graphics configuration of TeX Live
)
Package graphics Info: Driver file: pdftex.def on input line 91.

(/usr/local/texlive/2011/texmf-dist/tex/latex/pdftex-def/pdftex.def
File: pdftex.def 2011/05/27 v0.06d Graphics/color for pdfTeX

(/usr/local/texlive/2011/texmf-dist/tex/generic/oberdiek/infwarerr.sty
Package: infwarerr 2010/04/08 v1.3 Providing info/warning/message (HO)
)
(/usr/local/texlive/2011/texmf-dist/tex/generic/oberdiek/ltxcmds.sty
Package: ltxcmds 2011/04/18 v1.20 LaTeX kernel commands for general use (HO)
)
\Gread@gobject=\count109
))
\Gin@req@height=\dimen124
\Gin@req@width=\dimen125
)
(/usr/local/texlive/2011/texmf-dist/tex/latex/tools/multicol.sty
Package: multicol 2008/12/05 v1.6h multicolumn formatting (FMi)
\c@tracingmulticols=\count110
\mult@box=\box28
\multicol@leftmargin=\dimen126
\c@unbalance=\count111
\c@collectmore=\count112
\doublecol@number=\count113
\multicoltolerance=\count114
\multicolpretolerance=\count115
\full@width=\dimen127
\page@free=\dimen128
\premulticols=\dimen129
\postmulticols=\dimen130
\multicolsep=\skip43
\multicolbaselineskip=\skip44
\partial@page=\box29
\last@line=\box30
\mult@rightbox=\box31
\mult@grightbox=\box32
\mult@gfirstbox=\box33
\mult@firstbox=\box34
\@tempa=\box35
\@tempa=\box36
\@tempa=\box37
\@tempa=\box38
\@tempa=\box39
\@tempa=\box40
\@tempa=\box41
\@tempa=\box42
\@tempa=\box43
\@tempa=\box44
\@tempa=\box45
\@tempa=\box46
\@tempa=\box47
\@tempa=\box48
\@tempa=\box49
\@tempa=\box50
\@tempa=\box51
\c@columnbadness=\count116
\c@finalcolumnbadness=\count117
\last@try=\dimen131
\multicolovershoot=\dimen132
\multicolundershoot=\dimen133
\mult@nat@firstbox=\box52
\colbreak@box=\box53
)
(/usr/local/texlive/2011/texmf-dist/tex/latex/footmisc/footmisc.sty
Package: footmisc 2009/09/15 v5.5a a miscellany of footnote facilities
\FN@temptoken=\toks19
\footnotemargin=\dimen134
\c@pp@next@reset=\count118
Package footmisc Info: Declaring symbol style bringhurst on input line 855.
Package footmisc Info: Declaring symbol style chicago on input line 863.
Package footmisc Info: Declaring symbol style wiley on input line 872.
Package footmisc Info: Declaring symbol style lamport-robust on input line 883.

Package footmisc Info: Declaring symbol style lamport* on input line 903.
Package footmisc Info: Declaring symbol style lamport*-robust on input line 924
.
)
(/usr/local/texlive/2011/texmf-dist/tex/latex/base/latexsym.sty
Package: latexsym 1998/08/17 v2.2e Standard LaTeX package (lasy symbols)
\symlasy=\mathgroup6
LaTeX Font Info:    Overwriting symbol font `lasy' in version `bold'
(Font)                  U/lasy/m/n --> U/lasy/b/n on input line 47.
)
(/usr/local/texlive/2011/texmf-dist/tex/latex/amsmath/amsmath.sty
Package: amsmath 2000/07/18 v2.13 AMS math features
\@mathmargin=\skip45

For additional information on amsmath, use the `?' option.
(/usr/local/texlive/2011/texmf-dist/tex/latex/amsmath/amstext.sty
Package: amstext 2000/06/29 v2.01

(/usr/local/texlive/2011/texmf-dist/tex/latex/amsmath/amsgen.sty
File: amsgen.sty 1999/11/30 v2.0
\@emptytoks=\toks20
\ex@=\dimen135
))
(/usr/local/texlive/2011/texmf-dist/tex/latex/amsmath/amsbsy.sty
Package: amsbsy 1999/11/29 v1.2d
\pmbraise@=\dimen136
)
(/usr/local/texlive/2011/texmf-dist/tex/latex/amsmath/amsopn.sty
Package: amsopn 1999/12/14 v2.01 operator names
)
\inf@bad=\count119
LaTeX Info: Redefining \frac on input line 211.
\uproot@=\count120
\leftroot@=\count121
LaTeX Info: Redefining \overline on input line 307.
\classnum@=\count122
\DOTSCASE@=\count123
LaTeX Info: Redefining \ldots on input line 379.
LaTeX Info: Redefining \dots on input line 382.
LaTeX Info: Redefining \cdots on input line 467.
\Mathstrutbox@=\box54
\strutbox@=\box55
\big@size=\dimen137
LaTeX Font Info:    Redeclaring font encoding OML on input line 567.
LaTeX Font Info:    Redeclaring font encoding OMS on input line 568.


Package amsmath Warning: Unable to redefine math accent \vec.

\macc@depth=\count124
\c@MaxMatrixCols=\count125
\dotsspace@=\muskip10
\c@parentequation=\count126
\dspbrk@lvl=\count127
\tag@help=\toks21
\row@=\count128
\column@=\count129
\maxfields@=\count130
\andhelp@=\toks22
\eqnshift@=\dimen138
\alignsep@=\dimen139
\tagshift@=\dimen140
\tagwidth@=\dimen141
\totwidth@=\dimen142
\lineht@=\dimen143
\@envbody=\toks23
\multlinegap=\skip46
\multlinetaggap=\skip47
\mathdisplay@stack=\toks24
LaTeX Info: Redefining \[ on input line 2666.
LaTeX Info: Redefining \] on input line 2667.
) (/usr/local/texlive/2011/texmf-dist/tex/latex/amsfonts/amssymb.sty
Package: amssymb 2009/06/22 v3.00

(/usr/local/texlive/2011/texmf-dist/tex/latex/amsfonts/amsfonts.sty
Package: amsfonts 2009/06/22 v3.00 Basic AMSFonts support
\symAMSa=\mathgroup7
\symAMSb=\mathgroup8
LaTeX Font Info:    Overwriting math alphabet `\mathfrak' in version `bold'
(Font)                  U/euf/m/n --> U/euf/b/n on input line 96.
))
(/usr/local/texlive/2011/texmf-dist/tex/latex/tools/bm.sty
Package: bm 2004/02/26 v1.1c Bold Symbol Support (DPC/FMi)
\symboldlasy=\mathgroup9
LaTeX Info: Redefining \bm on input line 204.
)
(/usr/local/texlive/2011/texmf-dist/tex/latex/booktabs/booktabs.sty
Package: booktabs 2005/04/14 v1.61803 publication quality tables
\heavyrulewidth=\dimen144
\lightrulewidth=\dimen145
\cmidrulewidth=\dimen146
\belowrulesep=\dimen147
\belowbottomsep=\dimen148
\aboverulesep=\dimen149
\abovetopsep=\dimen150
\cmidrulesep=\dimen151
\cmidrulekern=\dimen152
\defaultaddspace=\dimen153
\@cmidla=\count131
\@cmidlb=\count132
\@aboverulesep=\dimen154
\@belowrulesep=\dimen155
\@thisruleclass=\count133
\@lastruleclass=\count134
\@thisrulewidth=\dimen156
)
(/usr/local/texlive/2011/texmf-dist/tex/latex/graphics/epsfig.sty
Package: epsfig 1999/02/16 v1.7a (e)psfig emulation (SPQR)
\epsfxsize=\dimen157
\epsfysize=\dimen158
)
(/usr/local/texlive/2011/texmf-dist/tex/latex/multirow/multirow.sty
\bigstrutjot=\dimen159
)
(/usr/local/texlive/2011/texmf-dist/tex/latex/multirow/bigstrut.sty)
(/usr/local/texlive/2011/texmf-dist/tex/latex/url/url.sty
\Urlmuskip=\muskip11
Package: url 2006/04/12  ver 3.3  Verb mode for urls, etc.
)
(/usr/local/texlive/2011/texmf-dist/tex/latex/tools/xspace.sty
Package: xspace 2006/05/08 v1.12 Space after command names (DPC,MH)
)
(/usr/local/texlive/2011/texmf-dist/tex/latex/natbib/natbib.sty
Package: natbib 2010/09/13 8.31b (PWD, AO)
\bibhang=\skip48
\bibsep=\skip49
LaTeX Info: Redefining \cite on input line 694.
\c@NAT@ctr=\count135
)
\@indexfile=\write4
\openout4 = `AdaptiveMCProbErrAnalf.idx'.


Writing index file AdaptiveMCProbErrAnalf.idx
(./FJHDef.tex
\overwdth=\skip50
)

LaTeX Warning: Unused global option(s):
    [graybox].

(./AdaptiveMCProbErrAnalf.aux

LaTeX Warning: Label `GaussianTestFun' multiply defined.


LaTeX Warning: Label `GaussianTestFunFig' multiply defined.


LaTeX Warning: Label `AlgorPara' multiply defined.

)
\openout1 = `AdaptiveMCProbErrAnalf.aux'.

LaTeX Font Info:    Checking defaults for OML/cmm/m/it on input line 51.
LaTeX Font Info:    ... okay on input line 51.
LaTeX Font Info:    Checking defaults for T1/cmr/m/n on input line 51.
LaTeX Font Info:    ... okay on input line 51.
LaTeX Font Info:    Checking defaults for OT1/cmr/m/n on input line 51.
LaTeX Font Info:    ... okay on input line 51.
LaTeX Font Info:    Checking defaults for OMS/cmsy/m/n on input line 51.
LaTeX Font Info:    ... okay on input line 51.
LaTeX Font Info:    Checking defaults for OMX/cmex/m/n on input line 51.
LaTeX Font Info:    ... okay on input line 51.
LaTeX Font Info:    Checking defaults for U/cmr/m/n on input line 51.
LaTeX Font Info:    ... okay on input line 51.
LaTeX Font Info:    Try loading font information for OT1+ptm on input line 51.
 (/usr/local/texlive/2011/texmf-dist/tex/latex/psnfss/ot1ptm.fd
File: ot1ptm.fd 2001/06/04 font definitions for OT1/ptm.
)
(/usr/local/texlive/2011/texmf-dist/tex/context/base/supp-pdf.mkii
[Loading MPS to PDF converter (version 2006.09.02).]
\scratchcounter=\count136
\scratchdimen=\dimen160
\scratchbox=\box56
\nofMPsegments=\count137
\nofMParguments=\count138
\everyMPshowfont=\toks25
\MPscratchCnt=\count139
\MPscratchDim=\dimen161
\MPnumerator=\count140
\makeMPintoPDFobject=\count141
\everyMPtoPDFconversion=\toks26
) (/usr/local/texlive/2011/texmf-dist/tex/generic/oberdiek/pdftexcmds.sty
Package: pdftexcmds 2011/04/22 v0.16 Utilities of pdfTeX for LuaTeX (HO)

(/usr/local/texlive/2011/texmf-dist/tex/generic/oberdiek/ifluatex.sty
Package: ifluatex 2010/03/01 v1.3 Provides the ifluatex switch (HO)
Package ifluatex Info: LuaTeX not detected.
)
(/usr/local/texlive/2011/texmf-dist/tex/generic/oberdiek/ifpdf.sty
Package: ifpdf 2011/01/30 v2.3 Provides the ifpdf switch (HO)
Package ifpdf Info: pdfTeX in PDF mode is detected.
)
Package pdftexcmds Info: LuaTeX not detected.
Package pdftexcmds Info: \pdf@primitive is available.
Package pdftexcmds Info: \pdf@ifprimitive is available.
Package pdftexcmds Info: \pdfdraftmode found.
)
(/usr/local/texlive/2011/texmf-dist/tex/latex/oberdiek/epstopdf-base.sty
Package: epstopdf-base 2010/02/09 v2.5 Base part for package epstopdf

(/usr/local/texlive/2011/texmf-dist/tex/latex/oberdiek/grfext.sty
Package: grfext 2010/08/19 v1.1 Managing graphics extensions (HO)

(/usr/local/texlive/2011/texmf-dist/tex/generic/oberdiek/kvdefinekeys.sty
Package: kvdefinekeys 2011/04/07 v1.3 Defining keys (HO)
))
(/usr/local/texlive/2011/texmf-dist/tex/latex/oberdiek/kvoptions.sty
Package: kvoptions 2010/12/23 v3.10 Keyval support for LaTeX options (HO)

(/usr/local/texlive/2011/texmf-dist/tex/generic/oberdiek/kvsetkeys.sty
Package: kvsetkeys 2011/04/07 v1.13 Key value parser (HO)

(/usr/local/texlive/2011/texmf-dist/tex/generic/oberdiek/etexcmds.sty
Package: etexcmds 2011/02/16 v1.5 Prefix for e-TeX command names (HO)
Package etexcmds Info: Could not find \expanded.
(etexcmds)             That can mean that you are not using pdfTeX 1.50 or
(etexcmds)             that some package has redefined \expanded.
(etexcmds)             In the latter case, load this package earlier.
)))
Package grfext Info: Graphics extension search list:
(grfext)             [.png,.pdf,.jpg,.mps,.jpeg,.jbig2,.jb2,.PNG,.PDF,.JPG,.JPE
G,.JBIG2,.JB2,.eps]
(grfext)             \AppendGraphicsExtensions on input line 452.

(/usr/local/texlive/2011/texmf-dist/tex/latex/latexconfig/epstopdf-sys.cfg
File: epstopdf-sys.cfg 2010/07/13 v1.3 Configuration of (r)epstopdf for TeX Liv
e
))
LaTeX Font Info:    Font shape `OT1/ptm/bx/n' in size <14.4> not available
(Font)              Font shape `OT1/ptm/b/n' tried instead on input line 74.


Package mathptmx Warning: There are no bold math fonts on input line 74.

LaTeX Font Info:    Try loading font information for OT1+ztmcm on input line 74
.
(/usr/local/texlive/2011/texmf-dist/tex/latex/psnfss/ot1ztmcm.fd
File: ot1ztmcm.fd 2000/01/03 Fontinst v1.801 font definitions for OT1/ztmcm.
)
LaTeX Font Info:    Try loading font information for OML+ztmcm on input line 74
.

(/usr/local/texlive/2011/texmf-dist/tex/latex/psnfss/omlztmcm.fd
File: omlztmcm.fd 2000/01/03 Fontinst v1.801 font definitions for OML/ztmcm.
)
LaTeX Font Info:    Try loading font information for OMS+ztmcm on input line 74
.

(/usr/local/texlive/2011/texmf-dist/tex/latex/psnfss/omsztmcm.fd
File: omsztmcm.fd 2000/01/03 Fontinst v1.801 font definitions for OMS/ztmcm.
)
LaTeX Font Info:    Try loading font information for OMX+ztmcm on input line 74
.

(/usr/local/texlive/2011/texmf-dist/tex/latex/psnfss/omxztmcm.fd
File: omxztmcm.fd 2000/01/03 Fontinst v1.801 font definitions for OMX/ztmcm.
)
LaTeX Font Info:    Font shape `OT1/ptm/bx/n' in size <10.95> not available
(Font)              Font shape `OT1/ptm/b/n' tried instead on input line 74.
LaTeX Font Info:    Font shape `OT1/ptm/bx/n' in size <8> not available
(Font)              Font shape `OT1/ptm/b/n' tried instead on input line 74.
LaTeX Font Info:    Try loading font information for OMS+ptm on input line 74.

(/usr/local/texlive/2011/texmf-dist/tex/latex/psnfss/omsptm.fd
File: omsptm.fd 
)
LaTeX Font Info:    Font shape `OMS/ptm/m/n' in size <10.95> not available
(Font)              Font shape `OMS/cmsy/m/n' tried instead on input line 74.
LaTeX Font Info:    Font shape `OT1/ptm/bx/n' in size <10> not available
(Font)              Font shape `OT1/ptm/b/n' tried instead on input line 74.
LaTeX Font Info:    Font shape `OT1/ptm/bx/n' in size <7.4> not available
(Font)              Font shape `OT1/ptm/b/n' tried instead on input line 74.
LaTeX Font Info:    Font shape `OT1/ptm/bx/n' in size <6> not available
(Font)              Font shape `OT1/ptm/b/n' tried instead on input line 74.
LaTeX Font Info:    Try loading font information for OT1+pcr on input line 74.

(/usr/local/texlive/2011/texmf-dist/tex/latex/psnfss/ot1pcr.fd
File: ot1pcr.fd 2001/06/04 font definitions for OT1/pcr.
)
LaTeX Font Info:    Font shape `OT1/ptm/bx/n' in size <9> not available
(Font)              Font shape `OT1/ptm/b/n' tried instead on input line 74.
LaTeX Font Info:    Font shape `OT1/ptm/bx/n' in size <7> not available
(Font)              Font shape `OT1/ptm/b/n' tried instead on input line 74.
LaTeX Font Info:    Font shape `OT1/ptm/bx/n' in size <5> not available
(Font)              Font shape `OT1/ptm/b/n' tried instead on input line 74.
LaTeX Font Info:    Font shape `OT1/ptm/bx/n' in size <12> not available
(Font)              Font shape `OT1/ptm/b/n' tried instead on input line 79.
 [1



{/usr/local/texlive/2011/texmf-var/fonts/map/pdftex/updmap/pdftex.map}] [2]
LaTeX Font Info:    Font shape `OMS/ptm/m/n' in size <9> not available
(Font)              Font shape `OMS/cmsy/m/n' tried instead on input line 148.
 [3]
Package epstopdf Info: Source file: <Foolquadbw.eps>
(epstopdf)                    date: 2012-06-28 15:34:23
(epstopdf)                    size: 14230 bytes
(epstopdf)             Output file: <Foolquadbw-eps-converted-to.pdf>
(epstopdf)                    date: 2012-07-04 23:07:30
(epstopdf)                    size: 10486 bytes
(epstopdf)             Command: <epstopdf --outfile=Foolquadbw-eps-converted-to
.pdf Foolquadbw.eps>
(epstopdf)             \includegraphics on input line 162.
Package epstopdf Info: Output file is already uptodate.

<Foolquadbw-eps-converted-to.pdf, id=25, 510.90875pt x 405.515pt>
File: Foolquadbw-eps-converted-to.pdf Graphic file (type pdf)

<use Foolquadbw-eps-converted-to.pdf>
Package pdftex.def Info: Foolquadbw-eps-converted-to.pdf used on input line 162
.
(pdftex.def)             Requested size: 105.2751pt x 83.55804pt.
Package epstopdf Info: Source file: <Foolquadgkbw.eps>
(epstopdf)                    date: 2012-06-28 15:34:23
(epstopdf)                    size: 13777 bytes
(epstopdf)             Output file: <Foolquadgkbw-eps-converted-to.pdf>
(epstopdf)                    date: 2012-07-04 23:07:30
(epstopdf)                    size: 10326 bytes
(epstopdf)             Command: <epstopdf --outfile=Foolquadgkbw-eps-converted-
to.pdf Foolquadgkbw.eps>
(epstopdf)             \includegraphics on input line 163.
Package epstopdf Info: Output file is already uptodate.

<Foolquadgkbw-eps-converted-to.pdf, id=26, 522.95375pt x 405.515pt>
File: Foolquadgkbw-eps-converted-to.pdf Graphic file (type pdf)

<use Foolquadgkbw-eps-converted-to.pdf>
Package pdftex.def Info: Foolquadgkbw-eps-converted-to.pdf used on input line 1
63.
(pdftex.def)             Requested size: 105.2751pt x 81.6337pt.
Package epstopdf Info: Source file: <Foolchebintbw.eps>
(epstopdf)                    date: 2012-06-28 15:34:23
(epstopdf)                    size: 13919 bytes
(epstopdf)             Output file: <Foolchebintbw-eps-converted-to.pdf>
(epstopdf)                    date: 2012-07-04 23:07:30
(epstopdf)                    size: 10391 bytes
(epstopdf)             Command: <epstopdf --outfile=Foolchebintbw-eps-converted
-to.pdf Foolchebintbw.eps>
(epstopdf)             \includegraphics on input line 164.
Package epstopdf Info: Output file is already uptodate.

<Foolchebintbw-eps-converted-to.pdf, id=27, 510.90875pt x 405.515pt>
File: Foolchebintbw-eps-converted-to.pdf Graphic file (type pdf)

<use Foolchebintbw-eps-converted-to.pdf>
Package pdftex.def Info: Foolchebintbw-eps-converted-to.pdf used on input line 
164.
(pdftex.def)             Requested size: 105.2751pt x 83.55804pt.
 [4 <./Foolquadbw-eps-converted-to.pdf> <./Foolquadgkbw-eps-converted-to.pdf> <
./Foolchebintbw-eps-converted-to.pdf>]
Package epstopdf Info: Source file: <gaussiand=1iidErrTime.eps>
(epstopdf)                    date: 2012-07-06 14:51:53
(epstopdf)                    size: 51827 bytes
(epstopdf)             Output file: <gaussiand=1iidErrTime-eps-converted-to.pdf
>
(epstopdf)                    date: 2012-07-06 14:51:53
(epstopdf)                    size: 39429 bytes
(epstopdf)             Command: <epstopdf --outfile=gaussiand=1iidErrTime-eps-c
onverted-to.pdf gaussiand=1iidErrTime.eps>
(epstopdf)             \includegraphics on input line 188.
Package epstopdf Info: Output file is already uptodate.

<gaussiand=1iidErrTime-eps-converted-to.pdf, id=47, 554.07pt x 427.5975pt>
File: gaussiand=1iidErrTime-eps-converted-to.pdf Graphic file (type pdf)

<use gaussiand=1iidErrTime-eps-converted-to.pdf>
Package pdftex.def Info: gaussiand=1iidErrTime-eps-converted-to.pdf used on inp
ut line 188.
(pdftex.def)             Requested size: 162.18062pt x 125.16147pt.
Package epstopdf Info: Source file: <gaussiand=1iidheavyErrTime.eps>
(epstopdf)                    date: 2012-07-06 14:51:53
(epstopdf)                    size: 65452 bytes
(epstopdf)             Output file: <gaussiand=1iidheavyErrTime-eps-converted-t
o.pdf>
(epstopdf)                    date: 2012-07-06 14:51:53
(epstopdf)                    size: 36324 bytes
(epstopdf)             Command: <epstopdf --outfile=gaussiand=1iidheavyErrTime-
eps-converted-to.pdf gaussiand=1iidheavyErrTime.eps>
(epstopdf)             \includegraphics on input line 189.
Package epstopdf Info: Output file is already uptodate.

<gaussiand=1iidheavyErrTime-eps-converted-to.pdf, id=48, 554.07pt x 427.5975pt>
File: gaussiand=1iidheavyErrTime-eps-converted-to.pdf Graphic file (type pdf)
<use gaussiand=1iidheavyErrTime-eps-converted-to.pdf>
Package pdftex.def Info: gaussiand=1iidheavyErrTime-eps-converted-to.pdf used o
n input line 189.
(pdftex.def)             Requested size: 162.18062pt x 125.16147pt.
Package epstopdf Info: Source file: <gaussiand=1SobolErrTime.eps>
(epstopdf)                    date: 2012-07-06 14:51:53
(epstopdf)                    size: 38359 bytes
(epstopdf)             Output file: <gaussiand=1SobolErrTime-eps-converted-to.p
df>
(epstopdf)                    date: 2012-07-06 14:51:53
(epstopdf)                    size: 27179 bytes
(epstopdf)             Command: <epstopdf --outfile=gaussiand=1SobolErrTime-eps
-converted-to.pdf gaussiand=1SobolErrTime.eps>
(epstopdf)             \includegraphics on input line 190.
Package epstopdf Info: Output file is already uptodate.

<gaussiand=1SobolErrTime-eps-converted-to.pdf, id=49, 554.07pt x 427.5975pt>
File: gaussiand=1SobolErrTime-eps-converted-to.pdf Graphic file (type pdf)

<use gaussiand=1SobolErrTime-eps-converted-to.pdf>
Package pdftex.def Info: gaussiand=1SobolErrTime-eps-converted-to.pdf used on i
nput line 190.
(pdftex.def)             Requested size: 162.18062pt x 125.16147pt.
Package epstopdf Info: Source file: <gaussiand=1SobolheavyErrTime.eps>
(epstopdf)                    date: 2012-07-06 14:51:53
(epstopdf)                    size: 34578 bytes
(epstopdf)             Output file: <gaussiand=1SobolheavyErrTime-eps-converted
-to.pdf>
(epstopdf)                    date: 2012-07-06 14:51:53
(epstopdf)                    size: 17736 bytes
(epstopdf)             Command: <epstopdf --outfile=gaussiand=1SobolheavyErrTim
e-eps-converted-to.pdf gaussiand=1SobolheavyErrTime.eps>
(epstopdf)             \includegraphics on input line 191.
Package epstopdf Info: Output file is already uptodate.

<gaussiand=1SobolheavyErrTime-eps-converted-to.pdf, id=50, 554.07pt x 427.5975p
t>
File: gaussiand=1SobolheavyErrTime-eps-converted-to.pdf Graphic file (type pdf)

 <use gaussiand=1SobolheavyErrTime-eps-converted-to.pdf>
Package pdftex.def Info: gaussiand=1SobolheavyErrTime-eps-converted-to.pdf used
 on input line 191.
(pdftex.def)             Requested size: 162.18062pt x 125.16147pt.
Package epstopdf Info: Source file: <gaussiand=1quadErrTime.eps>
(epstopdf)                    date: 2012-07-06 14:51:53
(epstopdf)                    size: 42967 bytes
(epstopdf)             Output file: <gaussiand=1quadErrTime-eps-converted-to.pd
f>
(epstopdf)                    date: 2012-07-06 14:51:53
(epstopdf)                    size: 38062 bytes
(epstopdf)             Command: <epstopdf --outfile=gaussiand=1quadErrTime-eps-
converted-to.pdf gaussiand=1quadErrTime.eps>
(epstopdf)             \includegraphics on input line 192.
Package epstopdf Info: Output file is already uptodate.

<gaussiand=1quadErrTime-eps-converted-to.pdf, id=51, 554.07pt x 427.5975pt>
File: gaussiand=1quadErrTime-eps-converted-to.pdf Graphic file (type pdf)

<use gaussiand=1quadErrTime-eps-converted-to.pdf>
Package pdftex.def Info: gaussiand=1quadErrTime-eps-converted-to.pdf used on in
put line 192.
(pdftex.def)             Requested size: 162.18062pt x 125.16147pt.
Package epstopdf Info: Source file: <gaussiand=1quadgkErrTime.eps>
(epstopdf)                    date: 2012-07-06 14:51:53
(epstopdf)                    size: 37192 bytes
(epstopdf)             Output file: <gaussiand=1quadgkErrTime-eps-converted-to.
pdf>
(epstopdf)                    date: 2012-07-06 14:51:53
(epstopdf)                    size: 24977 bytes
(epstopdf)             Command: <epstopdf --outfile=gaussiand=1quadgkErrTime-ep
s-converted-to.pdf gaussiand=1quadgkErrTime.eps>
(epstopdf)             \includegraphics on input line 193.
Package epstopdf Info: Output file is already uptodate.

<gaussiand=1quadgkErrTime-eps-converted-to.pdf, id=52, 554.07pt x 427.5975pt>
File: gaussiand=1quadgkErrTime-eps-converted-to.pdf Graphic file (type pdf)

<use gaussiand=1quadgkErrTime-eps-converted-to.pdf>
Package pdftex.def Info: gaussiand=1quadgkErrTime-eps-converted-to.pdf used on 
input line 193.
(pdftex.def)             Requested size: 162.18062pt x 125.16147pt.
Package epstopdf Info: Source file: <gaussiand=1chebfunErrTime.eps>
(epstopdf)                    date: 2012-07-06 14:51:53
(epstopdf)                    size: 38554 bytes
(epstopdf)             Output file: <gaussiand=1chebfunErrTime-eps-converted-to
.pdf>
(epstopdf)                    date: 2012-07-06 14:51:53
(epstopdf)                    size: 30020 bytes
(epstopdf)             Command: <epstopdf --outfile=gaussiand=1chebfunErrTime-e
ps-converted-to.pdf gaussiand=1chebfunErrTime.eps>
(epstopdf)             \includegraphics on input line 194.
Package epstopdf Info: Output file is already uptodate.

<gaussiand=1chebfunErrTime-eps-converted-to.pdf, id=53, 554.07pt x 427.5975pt>
File: gaussiand=1chebfunErrTime-eps-converted-to.pdf Graphic file (type pdf)

<use gaussiand=1chebfunErrTime-eps-converted-to.pdf>
Package pdftex.def Info: gaussiand=1chebfunErrTime-eps-converted-to.pdf used on
 input line 194.
(pdftex.def)             Requested size: 162.18062pt x 125.16147pt.
Package epstopdf Info: Source file: <gaussiand=1chebfunheavyErrTime.eps>
(epstopdf)                    date: 2012-07-06 14:51:53
(epstopdf)                    size: 33283 bytes
(epstopdf)             Output file: <gaussiand=1chebfunheavyErrTime-eps-convert
ed-to.pdf>
(epstopdf)                    date: 2012-07-06 14:51:53
(epstopdf)                    size: 19740 bytes
(epstopdf)             Command: <epstopdf --outfile=gaussiand=1chebfunheavyErrT
ime-eps-converted-to.pdf gaussiand=1chebfunheavyErrTime.eps>
(epstopdf)             \includegraphics on input line 195.
Package epstopdf Info: Output file is already uptodate.

<gaussiand=1chebfunheavyErrTime-eps-converted-to.pdf, id=54, 554.07pt x 427.597
5pt>
File: gaussiand=1chebfunheavyErrTime-eps-converted-to.pdf Graphic file (type pd
f)
 <use gaussiand=1chebfunheavyErrTime-eps-converted-to.pdf>
Package pdftex.def Info: gaussiand=1chebfunheavyErrTime-eps-converted-to.pdf us
ed on input line 195.
(pdftex.def)             Requested size: 162.18062pt x 125.16147pt.


LaTeX Warning: Float too large for page by 75.78157pt on input line 197.


./AdaptiveMCProbErrAnalf.tex:208: LaTeX Error: \begin{document} ended by \end{i
temize}.

See the LaTeX manual or LaTeX Companion for explanation.
Type  H <return>  for immediate help.
 ...                                              
                                                  
l.208 \end{itemize}
                    \label{FunPara}
? 
./AdaptiveMCProbErrAnalf.tex:208: Extra \endgroup.
<recently read> \endgroup 
                          
l.208 \end{itemize}
                    \label{FunPara}
? 
Package epstopdf Info: Source file: <gaussiand=1quadErrTime.eps>
(epstopdf)                    date: 2012-07-06 14:51:53
(epstopdf)                    size: 42967 bytes
(epstopdf)             Output file: <gaussiand=1quadErrTime-eps-converted-to.pd
f>
(epstopdf)                    date: 2012-07-06 14:51:53
(epstopdf)                    size: 38062 bytes
(epstopdf)             Command: <epstopdf --outfile=gaussiand=1quadErrTime-eps-
converted-to.pdf gaussiand=1quadErrTime.eps>
(epstopdf)             \includegraphics on input line 221.
Package epstopdf Info: Output file is already uptodate.
File: gaussiand=1quadErrTime-eps-converted-to.pdf Graphic file (type pdf)
<use gaussiand=1quadErrTime-eps-converted-to.pdf>
Package pdftex.def Info: gaussiand=1quadErrTime-eps-converted-to.pdf used on in
put line 221.
(pdftex.def)             Requested size: 162.18062pt x 125.16147pt.
Package epstopdf Info: Source file: <gaussiand=1quadgkErrTime.eps>
(epstopdf)                    date: 2012-07-06 14:51:53
(epstopdf)                    size: 37192 bytes
(epstopdf)             Output file: <gaussiand=1quadgkErrTime-eps-converted-to.
pdf>
(epstopdf)                    date: 2012-07-06 14:51:53
(epstopdf)                    size: 24977 bytes
(epstopdf)             Command: <epstopdf --outfile=gaussiand=1quadgkErrTime-ep
s-converted-to.pdf gaussiand=1quadgkErrTime.eps>
(epstopdf)             \includegraphics on input line 222.
Package epstopdf Info: Output file is already uptodate.
File: gaussiand=1quadgkErrTime-eps-converted-to.pdf Graphic file (type pdf)

<use gaussiand=1quadgkErrTime-eps-converted-to.pdf>
Package pdftex.def Info: gaussiand=1quadgkErrTime-eps-converted-to.pdf used on 
input line 222.
(pdftex.def)             Requested size: 162.18062pt x 125.16147pt.
Package epstopdf Info: Source file: <gaussiand=1chebfunErrTime.eps>
(epstopdf)                    date: 2012-07-06 14:51:53
(epstopdf)                    size: 38554 bytes
(epstopdf)             Output file: <gaussiand=1chebfunErrTime-eps-converted-to
.pdf>
(epstopdf)                    date: 2012-07-06 14:51:53
(epstopdf)                    size: 30020 bytes
(epstopdf)             Command: <epstopdf --outfile=gaussiand=1chebfunErrTime-e
ps-converted-to.pdf gaussiand=1chebfunErrTime.eps>
(epstopdf)             \includegraphics on input line 223.
Package epstopdf Info: Output file is already uptodate.
File: gaussiand=1chebfunErrTime-eps-converted-to.pdf Graphic file (type pdf)

<use gaussiand=1chebfunErrTime-eps-converted-to.pdf>
Package pdftex.def Info: gaussiand=1chebfunErrTime-eps-converted-to.pdf used on
 input line 223.
(pdftex.def)             Requested size: 162.18062pt x 125.16147pt.
Package epstopdf Info: Source file: <gaussiand=1chebfunheavyErrTime.eps>
(epstopdf)                    date: 2012-07-06 14:51:53
(epstopdf)                    size: 33283 bytes
(epstopdf)             Output file: <gaussiand=1chebfunheavyErrTime-eps-convert
ed-to.pdf>
(epstopdf)                    date: 2012-07-06 14:51:53
(epstopdf)                    size: 19740 bytes
(epstopdf)             Command: <epstopdf --outfile=gaussiand=1chebfunheavyErrT
ime-eps-converted-to.pdf gaussiand=1chebfunheavyErrTime.eps>
(epstopdf)             \includegraphics on input line 224.
Package epstopdf Info: Output file is already uptodate.
File: gaussiand=1chebfunheavyErrTime-eps-converted-to.pdf Graphic file (type pd
f)

<use gaussiand=1chebfunheavyErrTime-eps-converted-to.pdf>
Package pdftex.def Info: gaussiand=1chebfunheavyErrTime-eps-converted-to.pdf us
ed on input line 224.
(pdftex.def)             Requested size: 162.18062pt x 125.16147pt.
Package epstopdf Info: Source file: <gaussiand=1iidErrTime.eps>
(epstopdf)                    date: 2012-07-06 14:51:53
(epstopdf)                    size: 51827 bytes
(epstopdf)             Output file: <gaussiand=1iidErrTime-eps-converted-to.pdf
>
(epstopdf)                    date: 2012-07-06 14:51:53
(epstopdf)                    size: 39429 bytes
(epstopdf)             Command: <epstopdf --outfile=gaussiand=1iidErrTime-eps-c
onverted-to.pdf gaussiand=1iidErrTime.eps>
(epstopdf)             \includegraphics on input line 225.
Package epstopdf Info: Output file is already uptodate.
File: gaussiand=1iidErrTime-eps-converted-to.pdf Graphic file (type pdf)

<use gaussiand=1iidErrTime-eps-converted-to.pdf>
Package pdftex.def Info: gaussiand=1iidErrTime-eps-converted-to.pdf used on inp
ut line 225.
(pdftex.def)             Requested size: 162.18062pt x 125.16147pt.
Package epstopdf Info: Source file: <gaussiand=1iidheavyErrTime.eps>
(epstopdf)                    date: 2012-07-06 14:51:53
(epstopdf)                    size: 65452 bytes
(epstopdf)             Output file: <gaussiand=1iidheavyErrTime-eps-converted-t
o.pdf>
(epstopdf)                    date: 2012-07-06 14:51:53
(epstopdf)                    size: 36324 bytes
(epstopdf)             Command: <epstopdf --outfile=gaussiand=1iidheavyErrTime-
eps-converted-to.pdf gaussiand=1iidheavyErrTime.eps>
(epstopdf)             \includegraphics on input line 226.
Package epstopdf Info: Output file is already uptodate.
File: gaussiand=1iidheavyErrTime-eps-converted-to.pdf Graphic file (type pdf)

<use gaussiand=1iidheavyErrTime-eps-converted-to.pdf>
Package pdftex.def Info: gaussiand=1iidheavyErrTime-eps-converted-to.pdf used o
n input line 226.
(pdftex.def)             Requested size: 162.18062pt x 125.16147pt.
Package epstopdf Info: Source file: <gaussiand=1SobolErrTime.eps>
(epstopdf)                    date: 2012-07-06 14:51:53
(epstopdf)                    size: 38359 bytes
(epstopdf)             Output file: <gaussiand=1SobolErrTime-eps-converted-to.p
df>
(epstopdf)                    date: 2012-07-06 14:51:53
(epstopdf)                    size: 27179 bytes
(epstopdf)             Command: <epstopdf --outfile=gaussiand=1SobolErrTime-eps
-converted-to.pdf gaussiand=1SobolErrTime.eps>
(epstopdf)             \includegraphics on input line 227.
Package epstopdf Info: Output file is already uptodate.
File: gaussiand=1SobolErrTime-eps-converted-to.pdf Graphic file (type pdf)

<use gaussiand=1SobolErrTime-eps-converted-to.pdf>
Package pdftex.def Info: gaussiand=1SobolErrTime-eps-converted-to.pdf used on i
nput line 227.
(pdftex.def)             Requested size: 162.18062pt x 125.16147pt.
Package epstopdf Info: Source file: <gaussiand=1SobolheavyErrTime.eps>
(epstopdf)                    date: 2012-07-06 14:51:53
(epstopdf)                    size: 34578 bytes
(epstopdf)             Output file: <gaussiand=1SobolheavyErrTime-eps-converted
-to.pdf>
(epstopdf)                    date: 2012-07-06 14:51:53
(epstopdf)                    size: 17736 bytes
(epstopdf)             Command: <epstopdf --outfile=gaussiand=1SobolheavyErrTim
e-eps-converted-to.pdf gaussiand=1SobolheavyErrTime.eps>
(epstopdf)             \includegraphics on input line 228.
Package epstopdf Info: Output file is already uptodate.
File: gaussiand=1SobolheavyErrTime-eps-converted-to.pdf Graphic file (type pdf)


<use gaussiand=1SobolheavyErrTime-eps-converted-to.pdf>
Package pdftex.def Info: gaussiand=1SobolheavyErrTime-eps-converted-to.pdf used
 on input line 228.
(pdftex.def)             Requested size: 162.18062pt x 125.16147pt.


LaTeX Warning: Float too large for page by 76.85252pt on input line 231.


./AdaptiveMCProbErrAnalf.tex:234: LaTeX Error: \begin{document} ended by \end{i
temize}.

See the LaTeX manual or LaTeX Companion for explanation.
Type  H <return>  for immediate help.
 ...                                              
                                                  
l.234 \end{itemize}
                   
? 
./AdaptiveMCProbErrAnalf.tex:234: Extra \endgroup.
<recently read> \endgroup 
                          
l.234 \end{itemize}
                   
? 

LaTeX Warning: File `quad.eps' not found on input line 241.

Package epstopdf Info: Source file: <quad.eps>
(epstopdf)             Output file: <quad-eps-converted-to.pdf>
(epstopdf)             Command: <epstopdf --outfile=quad-eps-converted-to.pdf q
uad.eps>
(epstopdf)             \includegraphics on input line 241.
Package epstopdf Info: Output file is already uptodate.

./AdaptiveMCProbErrAnalf.tex:241: Package pdftex.def Error: File `quad-eps-conv
erted-to.pdf' not found.

See the pdftex.def package documentation for explanation.
Type  H <return>  for immediate help.
 ...                                              
                                                  
l.241 ...g \includegraphics[width=5.7cm]{quad.eps}
                                                   \\ {\tt quad} \end{minipage}

? 

LaTeX Warning: File `quadgk.eps' not found on input line 242.

Package epstopdf Info: Source file: <quadgk.eps>
(epstopdf)             Output file: <quadgk-eps-converted-to.pdf>
(epstopdf)             Command: <epstopdf --outfile=quadgk-eps-converted-to.pdf
 quadgk.eps>
(epstopdf)             \includegraphics on input line 242.
Package epstopdf Info: Output file is already uptodate.

./AdaptiveMCProbErrAnalf.tex:242: Package pdftex.def Error: File `quadgk-eps-co
nverted-to.pdf' not found.

See the pdftex.def package documentation for explanation.
Type  H <return>  for immediate help.
 ...                                              
                                                  
l.242 ...\includegraphics[width=5.7cm]{quadgk.eps}
                                                   \\ {\tt quadgk} \end{mini...

? 

LaTeX Warning: File `chebfun.eps' not found on input line 243.

Package epstopdf Info: Source file: <chebfun.eps>
(epstopdf)             Output file: <chebfun-eps-converted-to.pdf>
(epstopdf)             Command: <epstopdf --outfile=chebfun-eps-converted-to.pd
f chebfun.eps>
(epstopdf)             \includegraphics on input line 243.
Package epstopdf Info: Output file is already uptodate.

./AdaptiveMCProbErrAnalf.tex:243: Package pdftex.def Error: File `chebfun-eps-c
onverted-to.pdf' not found.

See the pdftex.def package documentation for explanation.
Type  H <return>  for immediate help.
 ...                                              
                                                  
l.243 ...includegraphics[width=5.7cm]{chebfun.eps}
                                                   \\ {\tt chebfun} \end{min...

? 

LaTeX Warning: File `chebfunheavy.eps' not found on input line 244.

Package epstopdf Info: Source file: <chebfunheavy.eps>
(epstopdf)             Output file: <chebfunheavy-eps-converted-to.pdf>
(epstopdf)             Command: <epstopdf --outfile=chebfunheavy-eps-converted-
to.pdf chebfunheavy.eps>
(epstopdf)             \includegraphics on input line 244.
Package epstopdf Info: Output file is already uptodate.

./AdaptiveMCProbErrAnalf.tex:244: Package pdftex.def Error: File `chebfunheavy-
eps-converted-to.pdf' not found.

See the pdftex.def package documentation for explanation.
Type  H <return>  for immediate help.
 ...                                              
                                                  
l.244 ...degraphics[width=5.7cm]{chebfunheavy.eps}
                                                   \\ {\tt chebfun} heavy du...

? 

LaTeX Warning: File `iid.eps' not found on input line 245.

Package epstopdf Info: Source file: <iid.eps>
(epstopdf)             Output file: <iid-eps-converted-to.pdf>
(epstopdf)             Command: <epstopdf --outfile=iid-eps-converted-to.pdf ii
d.eps>
(epstopdf)             \includegraphics on input line 245.
Package epstopdf Info: Output file is already uptodate.

./AdaptiveMCProbErrAnalf.tex:245: Package pdftex.def Error: File `iid-eps-conve
rted-to.pdf' not found.

See the pdftex.def package documentation for explanation.
Type  H <return>  for immediate help.
 ...                                              
                                                  
l.245 ...ng \includegraphics[width=5.7cm]{iid.eps}
                                                   \\ {\tt cubMC} i.i.d. \en...

? 

LaTeX Warning: File `iidheavy.eps' not found on input line 246.

Package epstopdf Info: Source file: <iidheavy.eps>
(epstopdf)             Output file: <iidheavy-eps-converted-to.pdf>
(epstopdf)             Command: <epstopdf --outfile=iidheavy-eps-converted-to.p
df iidheavy.eps>
(epstopdf)             \includegraphics on input line 246.
Package epstopdf Info: Output file is already uptodate.

./AdaptiveMCProbErrAnalf.tex:246: Package pdftex.def Error: File `iidheavy-eps-
converted-to.pdf' not found.

See the pdftex.def package documentation for explanation.
Type  H <return>  for immediate help.
 ...                                              
                                                  
l.246 ...ncludegraphics[width=5.7cm]{iidheavy.eps}
                                                   \\ {\tt cubMC} i.i.d. hea...

? 

LaTeX Warning: File `sobol.eps' not found on input line 247.

Package epstopdf Info: Source file: <sobol.eps>
(epstopdf)             Output file: <sobol-eps-converted-to.pdf>
(epstopdf)             Command: <epstopdf --outfile=sobol-eps-converted-to.pdf 
sobol.eps>
(epstopdf)             \includegraphics on input line 247.
Package epstopdf Info: Output file is already uptodate.

./AdaptiveMCProbErrAnalf.tex:247: Package pdftex.def Error: File `sobol-eps-con
verted-to.pdf' not found.

See the pdftex.def package documentation for explanation.
Type  H <return>  for immediate help.
 ...                                              
                                                  
l.247 ... \includegraphics[width=5.7cm]{sobol.eps}
                                                   \\ {\tt cubMC} Sobol' \en...

? 

LaTeX Warning: File `sobolheavy.eps' not found on input line 248.

Package epstopdf Info: Source file: <sobolheavy.eps>
(epstopdf)             Output file: <sobolheavy-eps-converted-to.pdf>
(epstopdf)             Command: <epstopdf --outfile=sobolheavy-eps-converted-to
.pdf sobolheavy.eps>
(epstopdf)             \includegraphics on input line 248.
Package epstopdf Info: Output file is already uptodate.

./AdaptiveMCProbErrAnalf.tex:248: Package pdftex.def Error: File `sobolheavy-ep
s-converted-to.pdf' not found.

See the pdftex.def package documentation for explanation.
Type  H <return>  for immediate help.
 ...                                              
                                                  
l.248 ...ludegraphics[width=5.7cm]{sobolheavy.eps}
                                                   \\ {\tt cubMC} Sobol' hea...

? 

LaTeX Warning: Reference `GaussTestFun' on page 5 undefined on input line 249.


LaTeX Warning: Reference `GaussTestFun' on page 5 undefined on input line 249.


LaTeX Warning: Float too large for page by 224.96477pt on input line 250.


./AdaptiveMCProbErrAnalf.tex:257: LaTeX Error: \begin{document} ended by \end{i
temize}.

See the LaTeX manual or LaTeX Companion for explanation.
Type  H <return>  for immediate help.
 ...                                              
                                                  
l.257 \end{itemize}
                   \label{AlgorPara}
? 
./AdaptiveMCProbErrAnalf.tex:257: Extra \endgroup.
<recently read> \endgroup 
                          
l.257 \end{itemize}
                   \label{AlgorPara}
? 
[5] [6 <./gaussiand=1iidErrTime-eps-converted-to.pdf> <./gaussiand=1iidheavyErr
Time-eps-converted-to.pdf> <./gaussiand=1SobolErrTime-eps-converted-to.pdf> <./
gaussiand=1SobolheavyErrTime-eps-converted-to.pdf> <./gaussiand=1quadErrTime-ep
s-converted-to.pdf> <./gaussiand=1quadgkErrTime-eps-converted-to.pdf> <./gaussi
and=1chebfunErrTime-eps-converted-to.pdf> <./gaussiand=1chebfunheavyErrTime-eps
-converted-to.pdf>] [7] [8] [9]
Package epstopdf Info: Source file: <kurtmaxfig.eps>
(epstopdf)                    date: 2012-06-21 15:59:40
(epstopdf)                    size: 99119 bytes
(epstopdf)             Output file: <kurtmaxfig-eps-converted-to.pdf>
(epstopdf)                    date: 2012-06-21 16:14:46
(epstopdf)                    size: 13229 bytes
(epstopdf)             Command: <epstopdf --outfile=kurtmaxfig-eps-converted-to
.pdf kurtmaxfig.eps>
(epstopdf)             \includegraphics on input line 337.
Package epstopdf Info: Output file is already uptodate.

<kurtmaxfig-eps-converted-to.pdf, id=143, 540.0175pt x 420.57124pt>
File: kurtmaxfig-eps-converted-to.pdf Graphic file (type pdf)

<use kurtmaxfig-eps-converted-to.pdf>
Package pdftex.def Info: kurtmaxfig-eps-converted-to.pdf used on input line 337
.
(pdftex.def)             Requested size: 151.76744pt x 118.19553pt.
Package epstopdf Info: Source file: <alphacompare.eps>
(epstopdf)                    date: 2012-06-21 15:59:37
(epstopdf)                    size: 18497 bytes
(epstopdf)             Output file: <alphacompare-eps-converted-to.pdf>
(epstopdf)                    date: 2012-06-21 16:14:46
(epstopdf)                    size: 10901 bytes
(epstopdf)             Command: <epstopdf --outfile=alphacompare-eps-converted-
to.pdf alphacompare.eps>
(epstopdf)             \includegraphics on input line 342.
Package epstopdf Info: Output file is already uptodate.

<alphacompare-eps-converted-to.pdf, id=144, 499.8675pt x 422.57875pt>
File: alphacompare-eps-converted-to.pdf Graphic file (type pdf)

<use alphacompare-eps-converted-to.pdf>
Package pdftex.def Info: alphacompare-eps-converted-to.pdf used on input line 3
42.
(pdftex.def)             Requested size: 151.76744pt x 128.30278pt.
 [10] [11 <./kurtmaxfig-eps-converted-to.pdf> <./alphacompare-eps-converted-to.
pdf>]
LaTeX Font Info:    Font shape `OMS/ptm/m/it' in size <9> not available
(Font)              Font shape `OMS/cmsy/m/n' tried instead on input line 399.
 [12] [13]
Package epstopdf Info: Source file: <gaussiand=7iidErrTime.eps>
(epstopdf)                    date: 2012-07-06 14:51:53
(epstopdf)                    size: 54202 bytes
(epstopdf)             Output file: <gaussiand=7iidErrTime-eps-converted-to.pdf
>
(epstopdf)                    date: 2012-07-06 14:51:53
(epstopdf)                    size: 35742 bytes
(epstopdf)             Command: <epstopdf --outfile=gaussiand=7iidErrTime-eps-c
onverted-to.pdf gaussiand=7iidErrTime.eps>
(epstopdf)             \includegraphics on input line 469.
Package epstopdf Info: Output file is already uptodate.

<gaussiand=7iidErrTime-eps-converted-to.pdf, id=194, 554.07pt x 427.5975pt>
File: gaussiand=7iidErrTime-eps-converted-to.pdf Graphic file (type pdf)

<use gaussiand=7iidErrTime-eps-converted-to.pdf>
Package pdftex.def Info: gaussiand=7iidErrTime-eps-converted-to.pdf used on inp
ut line 469.
(pdftex.def)             Requested size: 162.18062pt x 125.16147pt.
Package epstopdf Info: Source file: <gaussiand=7iidheavyErrTime.eps>
(epstopdf)                    date: 2012-07-06 14:51:53
(epstopdf)                    size: 90766 bytes
(epstopdf)             Output file: <gaussiand=7iidheavyErrTime-eps-converted-t
o.pdf>
(epstopdf)                    date: 2012-07-06 14:51:53
(epstopdf)                    size: 34188 bytes
(epstopdf)             Command: <epstopdf --outfile=gaussiand=7iidheavyErrTime-
eps-converted-to.pdf gaussiand=7iidheavyErrTime.eps>
(epstopdf)             \includegraphics on input line 470.
Package epstopdf Info: Output file is already uptodate.

<gaussiand=7iidheavyErrTime-eps-converted-to.pdf, id=195, 554.07pt x 427.5975pt
>
File: gaussiand=7iidheavyErrTime-eps-converted-to.pdf Graphic file (type pdf)
 <use gaussiand=7iidheavyErrTime-eps-converted-to.pdf>
Package pdftex.def Info: gaussiand=7iidheavyErrTime-eps-converted-to.pdf used o
n input line 470.
(pdftex.def)             Requested size: 162.18062pt x 125.16147pt.
Package epstopdf Info: Source file: <gaussiand=7SobolErrTime.eps>
(epstopdf)                    date: 2012-07-06 14:51:53
(epstopdf)                    size: 42959 bytes
(epstopdf)             Output file: <gaussiand=7SobolErrTime-eps-converted-to.p
df>
(epstopdf)                    date: 2012-07-06 14:51:53
(epstopdf)                    size: 38628 bytes
(epstopdf)             Command: <epstopdf --outfile=gaussiand=7SobolErrTime-eps
-converted-to.pdf gaussiand=7SobolErrTime.eps>
(epstopdf)             \includegraphics on input line 471.
Package epstopdf Info: Output file is already uptodate.

<gaussiand=7SobolErrTime-eps-converted-to.pdf, id=196, 554.07pt x 427.5975pt>
File: gaussiand=7SobolErrTime-eps-converted-to.pdf Graphic file (type pdf)

<use gaussiand=7SobolErrTime-eps-converted-to.pdf>
Package pdftex.def Info: gaussiand=7SobolErrTime-eps-converted-to.pdf used on i
nput line 471.
(pdftex.def)             Requested size: 162.18062pt x 125.16147pt.
Package epstopdf Info: Source file: <gaussiand=7SobolheavyErrTime.eps>
(epstopdf)                    date: 2012-07-06 14:51:53
(epstopdf)                    size: 40918 bytes
(epstopdf)             Output file: <gaussiand=7SobolheavyErrTime-eps-converted
-to.pdf>
(epstopdf)                    date: 2012-07-06 14:51:53
(epstopdf)                    size: 32648 bytes
(epstopdf)             Command: <epstopdf --outfile=gaussiand=7SobolheavyErrTim
e-eps-converted-to.pdf gaussiand=7SobolheavyErrTime.eps>
(epstopdf)             \includegraphics on input line 472.
Package epstopdf Info: Output file is already uptodate.

<gaussiand=7SobolheavyErrTime-eps-converted-to.pdf, id=197, 554.07pt x 427.5975
pt>
File: gaussiand=7SobolheavyErrTime-eps-converted-to.pdf Graphic file (type pdf)

 <use gaussiand=7SobolheavyErrTime-eps-converted-to.pdf>
Package pdftex.def Info: gaussiand=7SobolheavyErrTime-eps-converted-to.pdf used
 on input line 472.
(pdftex.def)             Requested size: 162.18062pt x 125.16147pt.


Package natbib Warning: Citation `Hal05a' on page 14 undefined on input line 48
2.


Package natbib Warning: Citation `Owe06a' on page 14 undefined on input line 48
2.

[14] [15 <./gaussiand=7iidErrTime-eps-converted-to.pdf> <./gaussiand=7iidheavyE
rrTime-eps-converted-to.pdf> <./gaussiand=7SobolErrTime-eps-converted-to.pdf> <
./gaussiand=7SobolheavyErrTime-eps-converted-to.pdf>] [16] [17]
Overfull \hbox (40.7111pt too wide) in paragraph at lines 610--611
[]\OT1/ptm/b/n/9 Computing the sam-ple mean to suf-fi-cient ac-cu-racy. \OT1/pt
m/m/it/9 Com-pute the sam-ple size $\OML/ztmcm/m/it/9 n \OT1/ztmcm/m/n/9 = \OML
/ztmcm/m/it/9 N[]\OT1/ztmcm/m/n/9 (\U/euf/m/n/9 c\OML/ztmcm/m/it/9 "=[]; []; ^
^T[]\OT1/ztmcm/m/n/9 )$\OT1/ptm/m/it/9 .
 []

[18] (./AdaptiveMCProbErrAnalf.bbl)

Package natbib Warning: There were undefined citations.

[19] (./AdaptiveMCProbErrAnalf.aux)

LaTeX Warning: There were undefined references.


LaTeX Warning: There were multiply-defined labels.

 ) 
Here is how much of TeX's memory you used:
 4480 strings out of 493633
 59129 string characters out of 3143378
 130104 words of memory out of 3000000
 7606 multiletter control sequences out of 15000+200000
 63106 words of font info for 168 fonts, out of 3000000 for 9000
 831 hyphenation exceptions out of 8191
 38i,17n,26p,1277b,341s stack positions out of 5000i,500n,10000p,200000b,50000s
{/usr/local/texlive/2011/texmf-dist/fonts/enc/dvips/base/8r.enc}</usr/local/t
exlive/2011/texmf-dist/fonts/type1/public/amsfonts/cm/cmex10.pfb></usr/local/te
xlive/2011/texmf-dist/fonts/type1/public/amsfonts/cm/cmmi10.pfb></usr/local/tex
live/2011/texmf-dist/fonts/type1/public/amsfonts/cm/cmr10.pfb></usr/local/texli
ve/2011/texmf-dist/fonts/type1/public/amsfonts/cm/cmsy10.pfb></usr/local/texliv
e/2011/texmf-dist/fonts/type1/public/amsfonts/cm/cmsy9.pfb></usr/local/texlive/
2011/texmf-dist/fonts/type1/public/amsfonts/cm/cmtt12.pfb></usr/local/texlive/2
011/texmf-dist/fonts/type1/public/amsfonts/cm/cmtt9.pfb></usr/local/texlive/201
1/texmf-dist/fonts/type1/public/amsfonts/euler/eufm10.pfb></usr/local/texlive/2
011/texmf-dist/fonts/type1/public/amsfonts/symbols/msbm10.pfb></usr/local/texli
ve/2011/texmf-dist/fonts/type1/public/rsfs/rsfs10.pfb></usr/local/texlive/2011/
texmf-dist/fonts/type1/urw/courier/ucrr8a.pfb></usr/local/texlive/2011/texmf-di
st/fonts/type1/urw/symbol/usyr.pfb></usr/local/texlive/2011/texmf-dist/fonts/ty
pe1/urw/symbol/usyr.pfb></usr/local/texlive/2011/texmf-dist/fonts/type1/urw/tim
es/utmb8a.pfb></usr/local/texlive/2011/texmf-dist/fonts/type1/urw/times/utmr8a.
pfb></usr/local/texlive/2011/texmf-dist/fonts/type1/urw/times/utmri8a.pfb>
Output written on AdaptiveMCProbErrAnalf.pdf (19 pages, 579475 bytes).
PDF statistics:
 307 PDF objects out of 1000 (max. 8388607)
 215 compressed objects within 3 object streams
 0 named destinations out of 1000 (max. 500000)
 86 words of extra memory for PDF output out of 10000 (max. 10000000)

